<?xml version="1.0" encoding="UTF-8"?>
<!-- Generated by org.testng.reporters.JUnitReportReporter -->
<testsuite name="com.qspiders.pack1.ActiTime_Login" tests="1" time="22.614" ignored="0" failures="0" timestamp="04 Jan 2017 08:08:22 GMT" skipped="0" hostname="admin" errors="0">
  <testcase name="main" time="22.614" classname="com.qspiders.pack1.ActiTime_Login"/>
</testsuite> <!-- com.qspiders.pack1.ActiTime_Login -->
