<?xml version="1.0" encoding="UTF-8"?>
<!-- Generated by org.testng.reporters.JUnitReportReporter -->
<testsuite name="com.testNG.qspiders_1.DemoB" tests="2" time="0.026" ignored="0" failures="0" timestamp="05 Jan 2017 09:29:38 GMT" skipped="0" hostname="admin" errors="0">
  <testcase name="testC" time="0.017" classname="com.testNG.qspiders_1.DemoB"/>
  <testcase name="testB" time="0.009" classname="com.testNG.qspiders_1.DemoB"/>
</testsuite> <!-- com.testNG.qspiders_1.DemoB -->
