<?xml version="1.0" encoding="UTF-8"?>
<!-- Generated by org.testng.reporters.JUnitReportReporter -->
<testsuite name="t1.LoginScript" tests="1" time="22.656" ignored="0" failures="0" timestamp="20 May 2017 12:39:55 GMT" skipped="0" hostname="admin" errors="0">
  <testcase name="testScript" time="22.656" classname="t1.LoginScript"/>
</testsuite> <!-- t1.LoginScript -->
