<?xml version="1.0" encoding="UTF-8"?>
<!-- Generated by org.testng.reporters.JUnitReportReporter -->
<testsuite name="com.testNG.qspiders_1.DemoA" tests="1" time="0.057" ignored="0" failures="0" timestamp="05 Jan 2017 09:29:38 GMT" skipped="0" hostname="admin" errors="0">
  <testcase name="testA" time="0.057" classname="com.testNG.qspiders_1.DemoA"/>
</testsuite> <!-- com.testNG.qspiders_1.DemoA -->
