<?xml version="1.0" encoding="UTF-8"?>
<!-- Generated by org.testng.reporters.JUnitReportReporter -->
<testsuite name="March_2017.DataProviderConcept" tests="3" time="0.051" ignored="0" failures="0" timestamp="14 Mar 2017 09:38:15 GMT" skipped="0" hostname="admin" errors="0">
  <testcase name="testA" time="0.004" classname="March_2017.DataProviderConcept"/>
  <testcase name="testA" time="0.040" classname="March_2017.DataProviderConcept"/>
  <testcase name="testA" time="0.007" classname="March_2017.DataProviderConcept"/>
</testsuite> <!-- March_2017.DataProviderConcept -->
