<?xml version="1.0" encoding="UTF-8"?>
<!-- Generated by org.testng.reporters.JUnitReportReporter -->
<testsuite name="com.testNG.qspiders.DemoBye" tests="1" time="0.020" ignored="0" failures="0" timestamp="04 Jan 2017 14:38:26 GMT" skipped="0" hostname="admin" errors="0">
  <testcase name="testB" time="0.020" classname="com.testNG.qspiders.DemoBye"/>
</testsuite> <!-- com.testNG.qspiders.DemoBye -->
