<?xml version="1.0" encoding="UTF-8"?>
<!-- Generated by org.testng.reporters.JUnitReportReporter -->
<testsuite name="March_2017.DataProviderDifferentConcept" tests="2" time="0.047" ignored="0" failures="0" timestamp="14 Mar 2017 10:22:31 GMT" skipped="0" hostname="admin" errors="0">
  <testcase name="testA" time="0.009" classname="March_2017.DataProviderDifferentConcept"/>
  <testcase name="testA" time="0.038" classname="March_2017.DataProviderDifferentConcept"/>
</testsuite> <!-- March_2017.DataProviderDifferentConcept -->
